<?xml version="1.0" encoding="UTF-8"?>
<!-- Generated by org.testng.reporters.JUnitReportReporter -->
<testsuite hostname="Pi" failures="0" tests="1" name="test.TestLoginPageSimple" time="11.881" errors="0" timestamp="2023-11-02T12:01:40 ICT" skipped="0">
  <testcase classname="test.TestLoginPageSimple" name="testLoginPage" time="11.881"/>
</testsuite> <!-- test.TestLoginPageSimple -->
